<?xml version="1.0" encoding="UTF-8"?>
<testsuite name="com.project.api.h2db.TestRepositoryTest" tests="1" skipped="0" failures="0" errors="0" timestamp="2024-09-09T14:55:51" hostname="JooYoung.local" time="0.391">
  <properties/>
  <testcase name="testSave()" classname="com.project.api.h2db.TestRepositoryTest" time="0.391"/>
  <system-out><![CDATA[23:55:49.225 [Test worker] INFO org.springframework.test.context.support.AnnotationConfigContextLoaderUtils -- Could not detect default configuration classes for test class [com.project.api.h2db.TestRepositoryTest]: TestRepositoryTest does not declare any static, non-private, non-final, nested classes annotated with @Configuration.
23:55:49.280 [Test worker] INFO org.springframework.boot.test.context.SpringBootTestContextBootstrapper -- Found @SpringBootConfiguration com.project.api.ApiApplication for test class com.project.api.h2db.TestRepositoryTest

  .   ____          _            __ _ _
 /\\ / ___'_ __ _ _(_)_ __  __ _ \ \ \ \
( ( )\___ | '_ | '_| | '_ \/ _` | \ \ \ \
 \\/  ___)| |_)| | | | | || (_| |  ) ) ) )
  '  |____| .__|_| |_|_| |_\__, | / / / /
 =========|_|==============|___/=/_/_/_/

 :: Spring Boot ::                (v3.3.3)

2024-09-09T23:55:49.512+09:00  INFO 20411 --- [api] [    Test worker] c.project.api.h2db.TestRepositoryTest    : Starting TestRepositoryTest using Java 17.0.9 with PID 20411 (started by jy_23 in /Users/jy_23/e-commerce-project/e-commerce-api)
2024-09-09T23:55:49.513+09:00  INFO 20411 --- [api] [    Test worker] c.project.api.h2db.TestRepositoryTest    : No active profile set, falling back to 1 default profile: "default"
2024-09-09T23:55:49.875+09:00  INFO 20411 --- [api] [    Test worker] .s.d.r.c.RepositoryConfigurationDelegate : Bootstrapping Spring Data JPA repositories in DEFAULT mode.
2024-09-09T23:55:49.903+09:00  INFO 20411 --- [api] [    Test worker] .s.d.r.c.RepositoryConfigurationDelegate : Finished Spring Data repository scanning in 23 ms. Found 1 JPA repository interface.
2024-09-09T23:55:50.175+09:00  INFO 20411 --- [api] [    Test worker] com.zaxxer.hikari.HikariDataSource       : HikariPool-1 - Starting...
2024-09-09T23:55:50.320+09:00  INFO 20411 --- [api] [    Test worker] com.zaxxer.hikari.pool.HikariPool        : HikariPool-1 - Added connection conn0: url=jdbc:h2:mem:60cdb466-aef3-437a-9637-f3dc5c8c0b9c user=SA
2024-09-09T23:55:50.321+09:00  INFO 20411 --- [api] [    Test worker] com.zaxxer.hikari.HikariDataSource       : HikariPool-1 - Start completed.
2024-09-09T23:55:50.350+09:00  INFO 20411 --- [api] [    Test worker] o.hibernate.jpa.internal.util.LogHelper  : HHH000204: Processing PersistenceUnitInfo [name: default]
2024-09-09T23:55:50.381+09:00  INFO 20411 --- [api] [    Test worker] org.hibernate.Version                    : HHH000412: Hibernate ORM core version 6.5.2.Final
2024-09-09T23:55:50.402+09:00  INFO 20411 --- [api] [    Test worker] o.h.c.internal.RegionFactoryInitiator    : HHH000026: Second-level cache disabled
2024-09-09T23:55:50.594+09:00  INFO 20411 --- [api] [    Test worker] o.s.o.j.p.SpringPersistenceUnitInfo      : No LoadTimeWeaver setup: ignoring JPA class transformer
2024-09-09T23:55:51.080+09:00  INFO 20411 --- [api] [    Test worker] o.h.e.t.j.p.i.JtaPlatformInitiator       : HHH000489: No JTA platform available (set 'hibernate.transaction.jta.platform' to enable JTA platform integration)
2024-09-09T23:55:51.088+09:00 DEBUG 20411 --- [api] [    Test worker] org.hibernate.SQL                        : drop table if exists test_entity cascade 
2024-09-09T23:55:51.090+09:00 DEBUG 20411 --- [api] [    Test worker] org.hibernate.SQL                        : drop sequence if exists test_entity_seq
2024-09-09T23:55:51.094+09:00 DEBUG 20411 --- [api] [    Test worker] org.hibernate.SQL                        : create sequence test_entity_seq start with 1 increment by 50
2024-09-09T23:55:51.097+09:00 DEBUG 20411 --- [api] [    Test worker] org.hibernate.SQL                        : create table test_entity (id bigint not null, primary key (id))
2024-09-09T23:55:51.101+09:00  INFO 20411 --- [api] [    Test worker] j.LocalContainerEntityManagerFactoryBean : Initialized JPA EntityManagerFactory for persistence unit 'default'
2024-09-09T23:55:51.187+09:00  WARN 20411 --- [api] [    Test worker] JpaBaseConfiguration$JpaWebConfiguration : spring.jpa.open-in-view is enabled by default. Therefore, database queries may be performed during view rendering. Explicitly configure spring.jpa.open-in-view to disable this warning
2024-09-09T23:55:51.516+09:00  INFO 20411 --- [api] [    Test worker] c.project.api.h2db.TestRepositoryTest    : Started TestRepositoryTest in 2.157 seconds (process running for 2.823)
2024-09-09T23:55:51.858+09:00 DEBUG 20411 --- [api] [    Test worker] org.hibernate.SQL                        : select next value for test_entity_seq
2024-09-09T23:55:51.889+09:00 DEBUG 20411 --- [api] [    Test worker] org.hibernate.SQL                        : insert into test_entity (id) values (?)
2024-09-09T23:55:51.908+09:00 DEBUG 20411 --- [api] [    Test worker] org.hibernate.SQL                        : select te1_0.id from test_entity te1_0 where te1_0.id=?
]]></system-out>
  <system-err><![CDATA[]]></system-err>
</testsuite>
